{
  "RSpec": {
    "coverage": {
      "/Users/jonasarguelles/Documents/github/rails5-template/app/helpers/application_helper.rb": [
        1,
        null
      ],
      "/Users/jonasarguelles/Documents/github/rails5-template/app/models/user.rb": [
        1,
        1,
        1,
        1,
        null,
        1,
        null,
        1,
        1,
        null,
        1,
        1,
        1,
        null,
        1,
        null,
        null,
        null,
        1,
        2,
        2,
        2,
        2,
        null,
        null,
        1,
        0,
        0,
        null,
        null,
        1,
        1,
        1,
        0,
        null,
        null,
        1,
        8,
        null,
        null,
        1,
        0,
        null,
        null,
        null
      ],
      "/Users/jonasarguelles/Documents/github/rails5-template/app/models/application_record.rb": [
        1,
        1,
        null,
        1,
        0,
        0,
        0,
        null,
        0,
        0,
        null,
        null,
        null,
        null
      ],
      "/Users/jonasarguelles/Documents/github/rails5-template/app/models/concerns/authenticatable.rb": [
        1,
        null,
        1,
        1,
        null,
        1,
        null,
        1,
        11,
        11,
        9,
        9,
        9,
        null,
        null,
        null,
        null,
        1,
        33,
        33,
        null,
        null,
        1,
        2,
        2,
        2,
        2,
        null,
        null,
        1,
        null,
        1,
        0,
        0,
        null,
        null,
        null,
        1,
        33,
        null,
        null,
        null,
        1,
        2,
        2,
        2,
        122,
        2,
        null,
        null,
        1,
        0,
        null,
        null,
        null
      ],
      "/Users/jonasarguelles/Documents/github/rails5-template/app/models/concerns/token_processor.rb": [
        1,
        1,
        null,
        1,
        20,
        20,
        null,
        null,
        1,
        0,
        null,
        null,
        1,
        5,
        null,
        null,
        1,
        25,
        null,
        null,
        1,
        2,
        2,
        2,
        null,
        0,
        null,
        null,
        null,
        null
      ],
      "/Users/jonasarguelles/Documents/github/rails5-template/app/models/concerns/email_validator.rb": [
        1,
        1,
        36,
        4,
        null,
        null,
        null
      ],
      "/Users/jonasarguelles/Documents/github/rails5-template/app/models/car_model.rb": [
        1,
        null,
        1,
        null,
        1,
        0,
        null,
        null
      ],
      "/Users/jonasarguelles/Documents/github/rails5-template/app/models/rate.rb": [
        1,
        1,
        1,
        1,
        null,
        null
      ],
      "/Users/jonasarguelles/Documents/github/rails5-template/app/models/tokens/forgot_token.rb": [
        1,
        23,
        null,
        null
      ],
      "/Users/jonasarguelles/Documents/github/rails5-template/app/models/token.rb": [
        1,
        94,
        null,
        1,
        1,
        null,
        1,
        0,
        null,
        null,
        null
      ],
      "/Users/jonasarguelles/Documents/github/rails5-template/app/mailers/user_mailer.rb": [
        1,
        1,
        4,
        4,
        null,
        null,
        1,
        4,
        4,
        4,
        null,
        null
      ],
      "/Users/jonasarguelles/Documents/github/rails5-template/app/mailers/application_mailer.rb": [
        1,
        1,
        1,
        null
      ],
      "/Users/jonasarguelles/Documents/github/rails5-template/app/models/tokens/access_token.rb": [
        1,
        61,
        null
      ],
      "/Users/jonasarguelles/Documents/github/rails5-template/app/models/tokens/invite_token.rb": [
        1,
        1,
        null
      ],
      "/Users/jonasarguelles/Documents/github/rails5-template/app/models/car.rb": [
        1,
        null,
        1,
        null,
        1,
        1,
        null,
        1,
        1,
        null,
        1,
        1,
        null,
        1,
        1,
        null,
        null
      ],
      "/Users/jonasarguelles/Documents/github/rails5-template/app/models/role.rb": [
        1,
        1,
        null,
        1,
        null,
        null,
        null,
        null,
        1,
        null,
        null,
        null,
        1,
        null
      ],
      "/Users/jonasarguelles/Documents/github/rails5-template/app/controllers/api/v1/cars_controller.rb": [
        1,
        1,
        null,
        1,
        2,
        2,
        1,
        null,
        1,
        null,
        null,
        null,
        1,
        2,
        1,
        null,
        1,
        null,
        null,
        null,
        1,
        0,
        null,
        null,
        null,
        1,
        null,
        1,
        2,
        null,
        null,
        1,
        4,
        null,
        null,
        1,
        4,
        null,
        null,
        null,
        null,
        null,
        null,
        1,
        2,
        null,
        null,
        null,
        null,
        null
      ],
      "/Users/jonasarguelles/Documents/github/rails5-template/app/controllers/api_controller.rb": [
        1,
        1,
        1,
        1,
        1,
        null,
        1,
        1,
        null,
        1,
        9,
        null,
        null
      ],
      "/Users/jonasarguelles/Documents/github/rails5-template/app/controllers/concerns/api_exceptions.rb": [
        1,
        1,
        null,
        1,
        1,
        1,
        0,
        null,
        null,
        1,
        1,
        1,
        null,
        null,
        1,
        1,
        0,
        null,
        null,
        1,
        1,
        0,
        null,
        null,
        null,
        null,
        null,
        1,
        1,
        1,
        null,
        null,
        null,
        null,
        null,
        1,
        1,
        0,
        null,
        null,
        null,
        null,
        null,
        1,
        1,
        1,
        null,
        null,
        null,
        null,
        null,
        1,
        1,
        0,
        null,
        null,
        null,
        null,
        null,
        1,
        1,
        0,
        null,
        null,
        1,
        1,
        0,
        null,
        null,
        null,
        null,
        null,
        1,
        1,
        0,
        null,
        null,
        1,
        1,
        0,
        null,
        null,
        null,
        null
      ],
      "/Users/jonasarguelles/Documents/github/rails5-template/app/controllers/concerns/authenticator.rb": [
        1,
        1,
        null,
        1,
        19,
        null,
        null,
        1,
        null,
        null,
        null,
        null,
        9,
        null,
        null,
        1,
        0,
        null,
        null,
        null
      ],
      "/Users/jonasarguelles/Documents/github/rails5-template/app/controllers/concerns/common_action.rb": [
        1,
        1,
        null,
        1,
        1,
        null,
        null,
        1,
        0,
        0,
        null,
        null,
        1,
        0,
        0,
        0,
        null,
        0,
        null,
        null,
        null,
        1,
        0,
        null,
        null,
        1,
        0,
        0,
        null,
        0,
        null,
        null,
        null,
        1,
        0,
        0,
        null,
        0,
        null,
        null,
        null,
        1,
        null,
        1,
        9,
        null,
        null,
        null
      ],
      "/Users/jonasarguelles/Documents/github/rails5-template/app/controllers/concerns/common_response.rb": [
        1,
        1,
        null,
        1,
        0,
        null,
        null,
        1,
        6,
        6,
        null,
        null,
        1,
        0,
        null,
        null,
        1,
        2,
        null,
        null,
        1,
        0,
        null,
        null,
        null
      ],
      "/Users/jonasarguelles/Documents/github/rails5-template/app/models/car_attribute.rb": [
        1,
        1,
        null
      ],
      "/Users/jonasarguelles/Documents/github/rails5-template/app/services/cars/builder.rb": [
        1,
        1,
        1,
        2,
        null,
        null,
        1,
        2,
        null,
        null,
        null,
        null,
        null,
        1,
        0,
        0,
        0,
        null,
        null,
        null,
        null,
        null,
        null,
        null,
        null,
        null,
        null,
        null
      ],
      "/Users/jonasarguelles/Documents/github/rails5-template/app/services/car_attributes/builder.rb": [
        1,
        1,
        1,
        2,
        null,
        null,
        1,
        null,
        null,
        null,
        2,
        null,
        null,
        1,
        2,
        4,
        2,
        null,
        null,
        null,
        null
      ],
      "/Users/jonasarguelles/Documents/github/rails5-template/app/services/rates/builder.rb": [
        1,
        1,
        1,
        2,
        null,
        null,
        1,
        null,
        null,
        null,
        3,
        null,
        null,
        1,
        2,
        5,
        2,
        null,
        null,
        null,
        null
      ],
      "/Users/jonasarguelles/Documents/github/rails5-template/app/controllers/api/v1/sessions_controller.rb": [
        1,
        null,
        1,
        1,
        null,
        1,
        2,
        2,
        2,
        null,
        0,
        null,
        null,
        null,
        1,
        0,
        null,
        null,
        1,
        1,
        1,
        null,
        0,
        null,
        null,
        null,
        1,
        null,
        1,
        2,
        null,
        null,
        null
      ],
      "/Users/jonasarguelles/Documents/github/rails5-template/app/services/sessions/builder.rb": [
        1,
        1,
        1,
        6,
        6,
        null,
        null,
        1,
        null,
        null,
        null,
        null,
        null,
        null,
        null,
        6,
        null,
        null,
        1,
        null,
        null,
        null,
        6,
        null,
        null,
        null,
        null
      ],
      "/Users/jonasarguelles/Documents/github/rails5-template/app/controllers/api/v1/users_controller.rb": [
        1,
        1,
        null
      ],
      "/Users/jonasarguelles/Documents/github/rails5-template/app/controllers/concerns/user_action.rb": [
        1,
        1,
        1,
        1,
        null,
        null,
        1,
        4,
        4,
        1,
        null,
        3,
        null,
        null,
        null,
        1,
        2,
        2,
        1,
        null,
        1,
        null,
        null,
        null,
        1,
        1,
        1,
        1,
        null,
        0,
        null,
        null,
        null,
        1,
        2,
        2,
        1,
        1,
        1,
        null,
        1,
        null,
        null,
        null,
        1,
        2,
        2,
        1,
        null,
        1,
        1,
        null,
        0,
        null,
        null,
        null,
        null,
        1,
        null,
        1,
        4,
        null,
        null,
        1,
        7,
        null,
        null,
        1,
        6,
        null,
        null,
        null,
        null,
        null,
        null,
        null,
        null,
        null
      ],
      "/Users/jonasarguelles/Documents/github/rails5-template/app/services/redis_job_pusher.rb": [
        1,
        1,
        null,
        1,
        null,
        1,
        0,
        0,
        null,
        null,
        1,
        1,
        1,
        null,
        null,
        1,
        1,
        null,
        1,
        1,
        null,
        1,
        1,
        null,
        null,
        null
      ],
      "/Users/jonasarguelles/Documents/github/rails5-template/app/models/address.rb": [
        0,
        null,
        0,
        0
      ],
      "/Users/jonasarguelles/Documents/github/rails5-template/app/models/per_payment.rb": [
        0,
        null,
        0,
        null,
        0,
        0,
        0,
        0
      ],
      "/Users/jonasarguelles/Documents/github/rails5-template/app/models/concerns/common_scopes.rb": [
        0,
        0,
        null,
        0,
        0,
        0,
        0,
        0,
        0,
        null,
        0
      ],
      "/Users/jonasarguelles/Documents/github/rails5-template/app/workers/mailers/user_mailer_worker.rb": [
        0,
        0,
        0,
        null,
        0,
        0,
        0,
        0,
        0,
        0,
        0,
        0,
        0,
        0
      ],
      "/Users/jonasarguelles/Documents/github/rails5-template/app/jobs/application_job.rb": [
        0,
        0
      ],
      "/Users/jonasarguelles/Documents/github/rails5-template/app/controllers/application_controller.rb": [
        0,
        0,
        null,
        0,
        0,
        0,
        null,
        0
      ],
      "/Users/jonasarguelles/Documents/github/rails5-template/app/controllers/api/v1/drivers_controller.rb": [
        0,
        0,
        null,
        0,
        0,
        0,
        0,
        0,
        0,
        0,
        0,
        0,
        null,
        null,
        0
      ],
      "/Users/jonasarguelles/Documents/github/rails5-template/app/controllers/concerns/roles.rb": [
        0,
        0,
        null,
        0,
        0,
        0,
        null,
        0,
        null,
        0,
        0,
        0,
        0,
        null,
        0
      ]
    },
    "timestamp": 1528985294
  }
}
